# JRE version: OpenJDK Runtime Environment (11.0.15) (build 11.0.15+0-b2043.56-9505619)
# Java VM: OpenJDK 64-Bit Server VM (11.0.15+0-b2043.56-9505619, mixed mode, tiered, compressed oops, g1 gc, windows-amd64)
Heap:
 garbage-first heap   total 258048K, used 108311K [0x0000000080000000, 0x0000000100000000)
  region size 1024K, 58 young (59392K), 17 survivors (17408K)
 Metaspace       used 87117K, capacity 89174K, committed 89256K, reserved 1126400K
  class space    used 11301K, capacity 12078K, committed 12132K, reserved 1048576K
GC Heap History (20 events):
Event: 14.577 GC heap before
{Heap before GC invocations=0 (full 0):
 garbage-first heap   total 258048K, used 29696K [0x0000000080000000, 0x0000000100000000)
  region size 1024K, 24 young (24576K), 0 survivors (0K)
 Metaspace       used 10114K, capacity 10339K, committed 10624K, reserved 1058816K
  class space    used 1032K, capacity 1106K, committed 1152K, reserved 1048576K
}
Event: 14.594 GC heap after
{Heap after GC invocations=1 (full 0):
 garbage-first heap   total 258048K, used 9213K [0x0000000080000000, 0x0000000100000000)
  region size 1024K, 3 young (3072K), 3 survivors (3072K)
 Metaspace       used 10114K, capacity 10339K, committed 10624K, reserved 1058816K
  class space    used 1032K, capacity 1106K, committed 1152K, reserved 1048576K
}
Event: 26.568 GC heap before
{Heap before GC invocations=1 (full 0):
 garbage-first heap   total 258048K, used 107517K [0x0000000080000000, 0x0000000100000000)
  region size 1024K, 99 young (101376K), 3 survivors (3072K)
 Metaspace       used 20780K, capacity 21201K, committed 21296K, reserved 1069056K
  class space    used 2526K, capacity 2687K, committed 2688K, reserved 1048576K
}
Event: 26.581 GC heap after
{Heap after GC invocations=2 (full 0):
 garbage-first heap   total 258048K, used 17162K [0x0000000080000000, 0x0000000100000000)
  region size 1024K, 11 young (11264K), 11 survivors (11264K)
 Metaspace       used 20780K, capacity 21201K, committed 21296K, reserved 1069056K
  class space    used 2526K, capacity 2687K, committed 2688K, reserved 1048576K
}
Event: 27.022 GC heap before
{Heap before GC invocations=3 (full 0):
 garbage-first heap   total 258048K, used 39690K [0x0000000080000000, 0x0000000100000000)
  region size 1024K, 33 young (33792K), 11 survivors (11264K)
 Metaspace       used 22758K, capacity 23354K, committed 23548K, reserved 1069056K
  class space    used 2876K, capacity 3071K, committed 3148K, reserved 1048576K
}
Event: 27.032 GC heap after
{Heap after GC invocations=4 (full 0):
 garbage-first heap   total 258048K, used 18056K [0x0000000080000000, 0x0000000100000000)
  region size 1024K, 2 young (2048K), 2 survivors (2048K)
 Metaspace       used 22758K, capacity 23354K, committed 23548K, reserved 1069056K
  class space    used 2876K, capacity 3071K, committed 3148K, reserved 1048576K
}
Event: 28.784 GC heap before
{Heap before GC invocations=4 (full 0):
 garbage-first heap   total 258048K, used 98952K [0x0000000080000000, 0x0000000100000000)
  region size 1024K, 81 young (82944K), 2 survivors (2048K)
 Metaspace       used 30933K, capacity 31727K, committed 31868K, reserved 1077248K
  class space    used 4132K, capacity 4423K, committed 4556K, reserved 1048576K
}
Event: 28.790 GC heap after
{Heap after GC invocations=5 (full 0):
 garbage-first heap   total 258048K, used 20402K [0x0000000080000000, 0x0000000100000000)
  region size 1024K, 4 young (4096K), 4 survivors (4096K)
 Metaspace       used 30933K, capacity 31727K, committed 31868K, reserved 1077248K
  class space    used 4132K, capacity 4423K, committed 4556K, reserved 1048576K
}
Event: 29.365 GC heap before
{Heap before GC invocations=5 (full 0):
 garbage-first heap   total 258048K, used 38834K [0x0000000080000000, 0x0000000100000000)
  region size 1024K, 23 young (23552K), 4 survivors (4096K)
 Metaspace       used 35101K, capacity 35957K, committed 36048K, reserved 1081344K
  class space    used 4571K, capacity 4921K, committed 4940K, reserved 1048576K
}
Event: 29.376 GC heap after
{Heap after GC invocations=6 (full 0):
 garbage-first heap   total 258048K, used 22463K [0x0000000080000000, 0x0000000100000000)
  region size 1024K, 6 young (6144K), 6 survivors (6144K)
 Metaspace       used 35101K, capacity 35957K, committed 36048K, reserved 1081344K
  class space    used 4571K, capacity 4921K, committed 4940K, reserved 1048576K
}
Event: 31.038 GC heap before
{Heap before GC invocations=7 (full 0):
 garbage-first heap   total 258048K, used 143295K [0x0000000080000000, 0x0000000100000000)
  region size 1024K, 121 young (123904K), 6 survivors (6144K)
 Metaspace       used 45765K, capacity 46846K, committed 47132K, reserved 1089536K
  class space    used 5820K, capacity 6230K, committed 6296K, reserved 1048576K
}
Event: 31.055 GC heap after
{Heap after GC invocations=8 (full 0):
 garbage-first heap   total 258048K, used 30704K [0x0000000080000000, 0x0000000100000000)
  region size 1024K, 14 young (14336K), 14 survivors (14336K)
 Metaspace       used 45765K, capacity 46846K, committed 47132K, reserved 1089536K
  class space    used 5820K, capacity 6230K, committed 6296K, reserved 1048576K
}
Event: 40.727 GC heap before
{Heap before GC invocations=9 (full 0):
 garbage-first heap   total 258048K, used 159728K [0x0000000080000000, 0x0000000100000000)
  region size 1024K, 138 young (141312K), 14 survivors (14336K)
 Metaspace       used 56855K, capacity 58327K, committed 58652K, reserved 1099776K
  class space    used 7200K, capacity 7754K, committed 7832K, reserved 1048576K
}
Event: 40.745 GC heap after
{Heap after GC invocations=10 (full 0):
 garbage-first heap   total 258048K, used 42626K [0x0000000080000000, 0x0000000100000000)
  region size 1024K, 18 young (18432K), 18 survivors (18432K)
 Metaspace       used 56855K, capacity 58327K, committed 58652K, reserved 1099776K
  class space    used 7200K, capacity 7754K, committed 7832K, reserved 1048576K
}
Event: 43.658 GC heap before
{Heap before GC invocations=10 (full 0):
 garbage-first heap   total 258048K, used 184962K [0x0000000080000000, 0x0000000100000000)
  region size 1024K, 150 young (153600K), 18 survivors (18432K)
 Metaspace       used 70299K, capacity 71946K, committed 72220K, reserved 1112064K
  class space    used 8875K, capacity 9528K, committed 9624K, reserved 1048576K
}
Event: 43.679 GC heap after
{Heap after GC invocations=11 (full 0):
 garbage-first heap   total 258048K, used 53341K [0x0000000080000000, 0x0000000100000000)
  region size 1024K, 11 young (11264K), 11 survivors (11264K)
 Metaspace       used 70299K, capacity 71946K, committed 72220K, reserved 1112064K
  class space    used 8875K, capacity 9528K, committed 9624K, reserved 1048576K
}
Event: 45.220 GC heap before
{Heap before GC invocations=11 (full 0):
 garbage-first heap   total 258048K, used 149597K [0x0000000080000000, 0x0000000100000000)
  region size 1024K, 105 young (107520K), 11 survivors (11264K)
 Metaspace       used 76766K, capacity 78526K, committed 78556K, reserved 1118208K
  class space    used 9922K, capacity 10623K, committed 10648K, reserved 1048576K
}
Event: 45.240 GC heap after
{Heap after GC invocations=12 (full 0):
 garbage-first heap   total 258048K, used 57328K [0x0000000080000000, 0x0000000100000000)
  region size 1024K, 15 young (15360K), 15 survivors (15360K)
 Metaspace       used 76766K, capacity 78526K, committed 78556K, reserved 1118208K
  class space    used 9922K, capacity 10623K, committed 10648K, reserved 1048576K
}
Event: 47.502 GC heap before
{Heap before GC invocations=13 (full 0):
 garbage-first heap   total 258048K, used 190448K [0x0000000080000000, 0x0000000100000000)
  region size 1024K, 145 young (148480K), 15 survivors (15360K)
 Metaspace       used 86559K, capacity 88548K, committed 88744K, reserved 1126400K
  class space    used 11261K, capacity 12042K, committed 12132K, reserved 1048576K
}
Event: 47.522 GC heap after
{Heap after GC invocations=14 (full 0):
 garbage-first heap   total 258048K, used 68375K [0x0000000080000000, 0x0000000100000000)
  region size 1024K, 17 young (17408K), 17 survivors (17408K)
 Metaspace       used 86559K, capacity 88548K, committed 88744K, reserved 1126400K
  class space    used 11261K, capacity 12042K, committed 12132K, reserved 1048576K
}

